   1               		.file	"keypad.c"
   2               	__SP_H__ = 0x3e
   3               	__SP_L__ = 0x3d
   4               	__SREG__ = 0x3f
   5               	__tmp_reg__ = 0
   6               	__zero_reg__ = 1
   7               		.text
   8               		.section	.text.KEYPAD_Init,"ax",@progbits
   9               	.global	KEYPAD_Init
  11               	KEYPAD_Init:
  12               	/* prologue: function */
  13               	/* frame size = 0 */
  14               	/* stack size = 0 */
  15               	.L__stack_usage = 0
  16 0000 80EF      		ldi r24,lo8(-16)
  17 0002 8AB9      		out 0xa,r24
  18               	/* epilogue start */
  19 0004 0895      		ret
  21               		.section	.text.KEYPAD_WaitForKeyRelease,"ax",@progbits
  22               	.global	KEYPAD_WaitForKeyRelease
  24               	KEYPAD_WaitForKeyRelease:
  25               	/* prologue: function */
  26               	/* frame size = 0 */
  27               	/* stack size = 0 */
  28               	.L__stack_usage = 0
  29 0000 9FE0      		ldi r25,lo8(15)
  30               	.L3:
  31 0002 9BB9      		out 0xb,r25
  32 0004 89B1      		in r24,0x9
  33 0006 8F70      		andi r24,lo8(15)
  34 0008 8F30      		cpi r24,lo8(15)
  35 000a 01F4      		brne .L3
  36 000c EFEC      		ldi r30,lo8(1999)
  37 000e F7E0      		ldi r31,hi8(1999)
  38 0010 3197      	1:	sbiw r30,1
  39 0012 01F4      		brne 1b
  40 0014 00C0      		rjmp .
  41 0016 0000      		nop
  42 0018 8BB9      		out 0xb,r24
  43 001a 89B1      		in r24,0x9
  44 001c 8F70      		andi r24,lo8(15)
  45 001e 8F30      		cpi r24,lo8(15)
  46 0020 01F4      		brne .L3
  47               	/* epilogue start */
  48 0022 0895      		ret
  50               		.section	.text.KEYPAD_WaitForKeyPress,"ax",@progbits
  51               	.global	KEYPAD_WaitForKeyPress
  53               	KEYPAD_WaitForKeyPress:
  54               	/* prologue: function */
  55               	/* frame size = 0 */
  56               	/* stack size = 0 */
  57               	.L__stack_usage = 0
  58 0000 9FE0      		ldi r25,lo8(15)
  59               	.L8:
  60 0002 9BB9      		out 0xb,r25
  61 0004 89B1      		in r24,0x9
  62 0006 8F70      		andi r24,lo8(15)
  63 0008 8F30      		cpi r24,lo8(15)
  64 000a 01F0      		breq .L8
  65 000c EFEC      		ldi r30,lo8(1999)
  66 000e F7E0      		ldi r31,hi8(1999)
  67 0010 3197      	1:	sbiw r30,1
  68 0012 01F4      		brne 1b
  69 0014 00C0      		rjmp .
  70 0016 0000      		nop
  71 0018 9BB9      		out 0xb,r25
  72 001a 89B1      		in r24,0x9
  73 001c 8F70      		andi r24,lo8(15)
  74 001e 8F30      		cpi r24,lo8(15)
  75 0020 01F0      		breq .L8
  76               	/* epilogue start */
  77 0022 0895      		ret
  79               		.section	.text.KEYPAD_GetKey,"ax",@progbits
  80               	.global	KEYPAD_GetKey
  82               	KEYPAD_GetKey:
  83               	/* prologue: function */
  84               	/* frame size = 0 */
  85               	/* stack size = 0 */
  86               	.L__stack_usage = 0
  87 0000 0E94 0000 		call KEYPAD_WaitForKeyRelease
  88 0004 8FEC      		ldi r24,lo8(1999)
  89 0006 97E0      		ldi r25,hi8(1999)
  90 0008 0197      	1:	sbiw r24,1
  91 000a 01F4      		brne 1b
  92 000c 00C0      		rjmp .
  93 000e 0000      		nop
  94 0010 0E94 0000 		call KEYPAD_WaitForKeyPress
  95 0014 24E0      		ldi r18,lo8(4)
  96 0016 9FEE      		ldi r25,lo8(-17)
  97               	.L16:
  98 0018 9BB9      		out 0xb,r25
  99 001a EFEC      		ldi r30,lo8(1999)
 100 001c F7E0      		ldi r31,hi8(1999)
 101 001e 3197      	1:	sbiw r30,1
 102 0020 01F4      		brne 1b
 103 0022 00C0      		rjmp .
 104 0024 0000      		nop
 105 0026 89B1      		in r24,0x9
 106 0028 8F70      		andi r24,lo8(15)
 107 002a 8F30      		cpi r24,lo8(15)
 108 002c 01F4      		brne .L15
 109 002e 990F      		lsl r25
 110 0030 9F5F      		subi r25,lo8(-(1))
 111 0032 2150      		subi r18,lo8(-(-1))
 112 0034 01F4      		brne .L16
 113               	.L15:
 114 0036 E9E8      		ldi r30,lo8(-119)
 115 0038 E80F      		add r30,r24
 116 003a 907F      		andi r25,lo8(-16)
 117 003c E90F      		add r30,r25
 118 003e E837      		cpi r30,lo8(120)
 119 0040 00F4      		brsh .L18
 120 0042 F0E0      		ldi r31,0
 121 0044 E050      		subi r30,lo8(-(CSWTCH.7))
 122 0046 F040      		sbci r31,hi8(-(CSWTCH.7))
 123 0048 8081      		ld r24,Z
 124 004a 0895      		ret
 125               	.L18:
 126 004c 8AE7      		ldi r24,lo8(122)
 127               	/* epilogue start */
 128 004e 0895      		ret
 130               		.section	.rodata.CSWTCH.7,"a",@progbits
 133               	CSWTCH.7:
 134 0000 44        		.byte	68
 135 0001 7A        		.byte	122
 136 0002 7A        		.byte	122
 137 0003 7A        		.byte	122
 138 0004 43        		.byte	67
 139 0005 7A        		.byte	122
 140 0006 42        		.byte	66
 141 0007 41        		.byte	65
 142 0008 7A        		.byte	122
 143 0009 7A        		.byte	122
 144 000a 7A        		.byte	122
 145 000b 7A        		.byte	122
 146 000c 7A        		.byte	122
 147 000d 7A        		.byte	122
 148 000e 7A        		.byte	122
 149 000f 7A        		.byte	122
 150 0010 7A        		.byte	122
 151 0011 7A        		.byte	122
 152 0012 7A        		.byte	122
 153 0013 7A        		.byte	122
 154 0014 7A        		.byte	122
 155 0015 7A        		.byte	122
 156 0016 7A        		.byte	122
 157 0017 7A        		.byte	122
 158 0018 7A        		.byte	122
 159 0019 7A        		.byte	122
 160 001a 7A        		.byte	122
 161 001b 7A        		.byte	122
 162 001c 7A        		.byte	122
 163 001d 7A        		.byte	122
 164 001e 7A        		.byte	122
 165 001f 7A        		.byte	122
 166 0020 7A        		.byte	122
 167 0021 7A        		.byte	122
 168 0022 7A        		.byte	122
 169 0023 7A        		.byte	122
 170 0024 7A        		.byte	122
 171 0025 7A        		.byte	122
 172 0026 7A        		.byte	122
 173 0027 7A        		.byte	122
 174 0028 7A        		.byte	122
 175 0029 7A        		.byte	122
 176 002a 7A        		.byte	122
 177 002b 7A        		.byte	122
 178 002c 7A        		.byte	122
 179 002d 7A        		.byte	122
 180 002e 7A        		.byte	122
 181 002f 7A        		.byte	122
 182 0030 7A        		.byte	122
 183 0031 7A        		.byte	122
 184 0032 7A        		.byte	122
 185 0033 7A        		.byte	122
 186 0034 7A        		.byte	122
 187 0035 7A        		.byte	122
 188 0036 7A        		.byte	122
 189 0037 7A        		.byte	122
 190 0038 7A        		.byte	122
 191 0039 7A        		.byte	122
 192 003a 7A        		.byte	122
 193 003b 7A        		.byte	122
 194 003c 7A        		.byte	122
 195 003d 7A        		.byte	122
 196 003e 7A        		.byte	122
 197 003f 7A        		.byte	122
 198 0040 23        		.byte	35
 199 0041 7A        		.byte	122
 200 0042 7A        		.byte	122
 201 0043 7A        		.byte	122
 202 0044 39        		.byte	57
 203 0045 7A        		.byte	122
 204 0046 36        		.byte	54
 205 0047 33        		.byte	51
 206 0048 7A        		.byte	122
 207 0049 7A        		.byte	122
 208 004a 7A        		.byte	122
 209 004b 7A        		.byte	122
 210 004c 7A        		.byte	122
 211 004d 7A        		.byte	122
 212 004e 7A        		.byte	122
 213 004f 7A        		.byte	122
 214 0050 7A        		.byte	122
 215 0051 7A        		.byte	122
 216 0052 7A        		.byte	122
 217 0053 7A        		.byte	122
 218 0054 7A        		.byte	122
 219 0055 7A        		.byte	122
 220 0056 7A        		.byte	122
 221 0057 7A        		.byte	122
 222 0058 7A        		.byte	122
 223 0059 7A        		.byte	122
 224 005a 7A        		.byte	122
 225 005b 7A        		.byte	122
 226 005c 7A        		.byte	122
 227 005d 7A        		.byte	122
 228 005e 7A        		.byte	122
 229 005f 7A        		.byte	122
 230 0060 30        		.byte	48
 231 0061 7A        		.byte	122
 232 0062 7A        		.byte	122
 233 0063 7A        		.byte	122
 234 0064 38        		.byte	56
 235 0065 7A        		.byte	122
 236 0066 35        		.byte	53
 237 0067 32        		.byte	50
 238 0068 7A        		.byte	122
 239 0069 7A        		.byte	122
 240 006a 7A        		.byte	122
 241 006b 7A        		.byte	122
 242 006c 7A        		.byte	122
 243 006d 7A        		.byte	122
 244 006e 7A        		.byte	122
 245 006f 7A        		.byte	122
 246 0070 2A        		.byte	42
 247 0071 7A        		.byte	122
 248 0072 7A        		.byte	122
 249 0073 7A        		.byte	122
 250 0074 37        		.byte	55
 251 0075 7A        		.byte	122
 252 0076 34        		.byte	52
 253 0077 31        		.byte	49
 254               		.ident	"GCC: (AVR_8_bit_GNU_Toolchain_3.7.0_1796) 7.3.0"
 255               	.global __do_copy_data
DEFINED SYMBOLS
                            *ABS*:0000000000000000 keypad.c
     /tmp/ccSqoSoL.s:2      *ABS*:000000000000003e __SP_H__
     /tmp/ccSqoSoL.s:3      *ABS*:000000000000003d __SP_L__
     /tmp/ccSqoSoL.s:4      *ABS*:000000000000003f __SREG__
     /tmp/ccSqoSoL.s:5      *ABS*:0000000000000000 __tmp_reg__
     /tmp/ccSqoSoL.s:6      *ABS*:0000000000000001 __zero_reg__
     /tmp/ccSqoSoL.s:11     .text.KEYPAD_Init:0000000000000000 KEYPAD_Init
     /tmp/ccSqoSoL.s:24     .text.KEYPAD_WaitForKeyRelease:0000000000000000 KEYPAD_WaitForKeyRelease
     /tmp/ccSqoSoL.s:53     .text.KEYPAD_WaitForKeyPress:0000000000000000 KEYPAD_WaitForKeyPress
     /tmp/ccSqoSoL.s:82     .text.KEYPAD_GetKey:0000000000000000 KEYPAD_GetKey
     /tmp/ccSqoSoL.s:133    .rodata.CSWTCH.7:0000000000000000 CSWTCH.7

UNDEFINED SYMBOLS
__do_copy_data
