   1               		.file	"keypad.c"
   2               	__SP_H__ = 0x3e
   3               	__SP_L__ = 0x3d
   4               	__SREG__ = 0x3f
   5               	__RAMPZ__ = 0x3b
   6               	__tmp_reg__ = 0
   7               	__zero_reg__ = 1
   8               		.text
   9               		.section	.text.KEYPAD_Init,"ax",@progbits
  10               	.global	KEYPAD_Init
  12               	KEYPAD_Init:
  13               	/* prologue: function */
  14               	/* frame size = 0 */
  15               	/* stack size = 0 */
  16               	.L__stack_usage = 0
  17 0000 80EF      		ldi r24,lo8(-16)
  18 0002 8093 0701 		sts 263,r24
  19               	/* epilogue start */
  20 0006 0895      		ret
  22               		.section	.text.KEYPAD_WaitForKeyRelease,"ax",@progbits
  23               	.global	KEYPAD_WaitForKeyRelease
  25               	KEYPAD_WaitForKeyRelease:
  26               	/* prologue: function */
  27               	/* frame size = 0 */
  28               	/* stack size = 0 */
  29               	.L__stack_usage = 0
  30 0000 9FE0      		ldi r25,lo8(15)
  31               	.L3:
  32 0002 9093 0801 		sts 264,r25
  33 0006 8091 0601 		lds r24,262
  34 000a 8F70      		andi r24,lo8(15)
  35 000c 8F30      		cpi r24,lo8(15)
  36 000e 01F4      		brne .L3
  37 0010 EFEC      		ldi r30,lo8(1999)
  38 0012 F7E0      		ldi r31,hi8(1999)
  39 0014 3197      	1:	sbiw r30,1
  40 0016 01F4      		brne 1b
  41 0018 00C0      		rjmp .
  42 001a 0000      		nop
  43 001c 8093 0801 		sts 264,r24
  44 0020 8091 0601 		lds r24,262
  45 0024 8F70      		andi r24,lo8(15)
  46 0026 8F30      		cpi r24,lo8(15)
  47 0028 01F4      		brne .L3
  48               	/* epilogue start */
  49 002a 0895      		ret
  51               		.section	.text.KEYPAD_WaitForKeyPress,"ax",@progbits
  52               	.global	KEYPAD_WaitForKeyPress
  54               	KEYPAD_WaitForKeyPress:
  55               	/* prologue: function */
  56               	/* frame size = 0 */
  57               	/* stack size = 0 */
  58               	.L__stack_usage = 0
  59 0000 9FE0      		ldi r25,lo8(15)
  60               	.L8:
  61 0002 9093 0801 		sts 264,r25
  62 0006 8091 0601 		lds r24,262
  63 000a 8F70      		andi r24,lo8(15)
  64 000c 8F30      		cpi r24,lo8(15)
  65 000e 01F0      		breq .L8
  66 0010 EFEC      		ldi r30,lo8(1999)
  67 0012 F7E0      		ldi r31,hi8(1999)
  68 0014 3197      	1:	sbiw r30,1
  69 0016 01F4      		brne 1b
  70 0018 00C0      		rjmp .
  71 001a 0000      		nop
  72 001c 9093 0801 		sts 264,r25
  73 0020 8091 0601 		lds r24,262
  74 0024 8F70      		andi r24,lo8(15)
  75 0026 8F30      		cpi r24,lo8(15)
  76 0028 01F0      		breq .L8
  77               	/* epilogue start */
  78 002a 0895      		ret
  80               		.section	.text.KEYPAD_GetKey,"ax",@progbits
  81               	.global	KEYPAD_GetKey
  83               	KEYPAD_GetKey:
  84               	/* prologue: function */
  85               	/* frame size = 0 */
  86               	/* stack size = 0 */
  87               	.L__stack_usage = 0
  88 0000 0E94 0000 		call KEYPAD_WaitForKeyRelease
  89 0004 8FEC      		ldi r24,lo8(1999)
  90 0006 97E0      		ldi r25,hi8(1999)
  91 0008 0197      	1:	sbiw r24,1
  92 000a 01F4      		brne 1b
  93 000c 00C0      		rjmp .
  94 000e 0000      		nop
  95 0010 0E94 0000 		call KEYPAD_WaitForKeyPress
  96 0014 24E0      		ldi r18,lo8(4)
  97 0016 9FEE      		ldi r25,lo8(-17)
  98               	.L16:
  99 0018 9093 0801 		sts 264,r25
 100 001c EFEC      		ldi r30,lo8(1999)
 101 001e F7E0      		ldi r31,hi8(1999)
 102 0020 3197      	1:	sbiw r30,1
 103 0022 01F4      		brne 1b
 104 0024 00C0      		rjmp .
 105 0026 0000      		nop
 106 0028 8091 0601 		lds r24,262
 107 002c 8F70      		andi r24,lo8(15)
 108 002e 8F30      		cpi r24,lo8(15)
 109 0030 01F4      		brne .L15
 110 0032 990F      		lsl r25
 111 0034 9F5F      		subi r25,lo8(-(1))
 112 0036 2150      		subi r18,lo8(-(-1))
 113 0038 01F4      		brne .L16
 114               	.L15:
 115 003a E9E8      		ldi r30,lo8(-119)
 116 003c E80F      		add r30,r24
 117 003e 907F      		andi r25,lo8(-16)
 118 0040 E90F      		add r30,r25
 119 0042 E837      		cpi r30,lo8(120)
 120 0044 00F4      		brsh .L18
 121 0046 F0E0      		ldi r31,0
 122 0048 E050      		subi r30,lo8(-(CSWTCH.7))
 123 004a F040      		sbci r31,hi8(-(CSWTCH.7))
 124 004c 8081      		ld r24,Z
 125 004e 0895      		ret
 126               	.L18:
 127 0050 8AE7      		ldi r24,lo8(122)
 128               	/* epilogue start */
 129 0052 0895      		ret
 131               		.section	.rodata.CSWTCH.7,"a",@progbits
 134               	CSWTCH.7:
 135 0000 44        		.byte	68
 136 0001 7A        		.byte	122
 137 0002 7A        		.byte	122
 138 0003 7A        		.byte	122
 139 0004 43        		.byte	67
 140 0005 7A        		.byte	122
 141 0006 42        		.byte	66
 142 0007 41        		.byte	65
 143 0008 7A        		.byte	122
 144 0009 7A        		.byte	122
 145 000a 7A        		.byte	122
 146 000b 7A        		.byte	122
 147 000c 7A        		.byte	122
 148 000d 7A        		.byte	122
 149 000e 7A        		.byte	122
 150 000f 7A        		.byte	122
 151 0010 7A        		.byte	122
 152 0011 7A        		.byte	122
 153 0012 7A        		.byte	122
 154 0013 7A        		.byte	122
 155 0014 7A        		.byte	122
 156 0015 7A        		.byte	122
 157 0016 7A        		.byte	122
 158 0017 7A        		.byte	122
 159 0018 7A        		.byte	122
 160 0019 7A        		.byte	122
 161 001a 7A        		.byte	122
 162 001b 7A        		.byte	122
 163 001c 7A        		.byte	122
 164 001d 7A        		.byte	122
 165 001e 7A        		.byte	122
 166 001f 7A        		.byte	122
 167 0020 7A        		.byte	122
 168 0021 7A        		.byte	122
 169 0022 7A        		.byte	122
 170 0023 7A        		.byte	122
 171 0024 7A        		.byte	122
 172 0025 7A        		.byte	122
 173 0026 7A        		.byte	122
 174 0027 7A        		.byte	122
 175 0028 7A        		.byte	122
 176 0029 7A        		.byte	122
 177 002a 7A        		.byte	122
 178 002b 7A        		.byte	122
 179 002c 7A        		.byte	122
 180 002d 7A        		.byte	122
 181 002e 7A        		.byte	122
 182 002f 7A        		.byte	122
 183 0030 7A        		.byte	122
 184 0031 7A        		.byte	122
 185 0032 7A        		.byte	122
 186 0033 7A        		.byte	122
 187 0034 7A        		.byte	122
 188 0035 7A        		.byte	122
 189 0036 7A        		.byte	122
 190 0037 7A        		.byte	122
 191 0038 7A        		.byte	122
 192 0039 7A        		.byte	122
 193 003a 7A        		.byte	122
 194 003b 7A        		.byte	122
 195 003c 7A        		.byte	122
 196 003d 7A        		.byte	122
 197 003e 7A        		.byte	122
 198 003f 7A        		.byte	122
 199 0040 23        		.byte	35
 200 0041 7A        		.byte	122
 201 0042 7A        		.byte	122
 202 0043 7A        		.byte	122
 203 0044 39        		.byte	57
 204 0045 7A        		.byte	122
 205 0046 36        		.byte	54
 206 0047 33        		.byte	51
 207 0048 7A        		.byte	122
 208 0049 7A        		.byte	122
 209 004a 7A        		.byte	122
 210 004b 7A        		.byte	122
 211 004c 7A        		.byte	122
 212 004d 7A        		.byte	122
 213 004e 7A        		.byte	122
 214 004f 7A        		.byte	122
 215 0050 7A        		.byte	122
 216 0051 7A        		.byte	122
 217 0052 7A        		.byte	122
 218 0053 7A        		.byte	122
 219 0054 7A        		.byte	122
 220 0055 7A        		.byte	122
 221 0056 7A        		.byte	122
 222 0057 7A        		.byte	122
 223 0058 7A        		.byte	122
 224 0059 7A        		.byte	122
 225 005a 7A        		.byte	122
 226 005b 7A        		.byte	122
 227 005c 7A        		.byte	122
 228 005d 7A        		.byte	122
 229 005e 7A        		.byte	122
 230 005f 7A        		.byte	122
 231 0060 30        		.byte	48
 232 0061 7A        		.byte	122
 233 0062 7A        		.byte	122
 234 0063 7A        		.byte	122
 235 0064 38        		.byte	56
 236 0065 7A        		.byte	122
 237 0066 35        		.byte	53
 238 0067 32        		.byte	50
 239 0068 7A        		.byte	122
 240 0069 7A        		.byte	122
 241 006a 7A        		.byte	122
 242 006b 7A        		.byte	122
 243 006c 7A        		.byte	122
 244 006d 7A        		.byte	122
 245 006e 7A        		.byte	122
 246 006f 7A        		.byte	122
 247 0070 2A        		.byte	42
 248 0071 7A        		.byte	122
 249 0072 7A        		.byte	122
 250 0073 7A        		.byte	122
 251 0074 37        		.byte	55
 252 0075 7A        		.byte	122
 253 0076 34        		.byte	52
 254 0077 31        		.byte	49
 255               		.ident	"GCC: (AVR_8_bit_GNU_Toolchain_3.7.0_1796) 7.3.0"
 256               	.global __do_copy_data
DEFINED SYMBOLS
                            *ABS*:0000000000000000 keypad.c
     /tmp/ccBx71Qd.s:2      *ABS*:000000000000003e __SP_H__
     /tmp/ccBx71Qd.s:3      *ABS*:000000000000003d __SP_L__
     /tmp/ccBx71Qd.s:4      *ABS*:000000000000003f __SREG__
     /tmp/ccBx71Qd.s:5      *ABS*:000000000000003b __RAMPZ__
     /tmp/ccBx71Qd.s:6      *ABS*:0000000000000000 __tmp_reg__
     /tmp/ccBx71Qd.s:7      *ABS*:0000000000000001 __zero_reg__
     /tmp/ccBx71Qd.s:12     .text.KEYPAD_Init:0000000000000000 KEYPAD_Init
     /tmp/ccBx71Qd.s:25     .text.KEYPAD_WaitForKeyRelease:0000000000000000 KEYPAD_WaitForKeyRelease
     /tmp/ccBx71Qd.s:54     .text.KEYPAD_WaitForKeyPress:0000000000000000 KEYPAD_WaitForKeyPress
     /tmp/ccBx71Qd.s:83     .text.KEYPAD_GetKey:0000000000000000 KEYPAD_GetKey
     /tmp/ccBx71Qd.s:134    .rodata.CSWTCH.7:0000000000000000 CSWTCH.7

UNDEFINED SYMBOLS
__do_copy_data
