   1               		.file	"delay.c"
   2               	__SP_H__ = 0x3e
   3               	__SP_L__ = 0x3d
   4               	__SREG__ = 0x3f
   5               	__tmp_reg__ = 0
   6               	__zero_reg__ = 1
   7               		.text
   8               		.section	.text.DELAY_sec,"ax",@progbits
   9               	.global	DELAY_sec
  11               	DELAY_sec:
  12               	/* prologue: function */
  13               	/* frame size = 0 */
  14               	/* stack size = 0 */
  15               	.L__stack_usage = 0
  16 0000 9C01      		movw r18,r24
  17               	.L2:
  18 0002 2115      		cp r18,__zero_reg__
  19 0004 3105      		cpc r19,__zero_reg__
  20 0006 01F4      		brne .L3
  21               	/* epilogue start */
  22 0008 0895      		ret
  23               	.L3:
  24 000a 4FEF      		ldi r20,lo8(1599999)
  25 000c 89E6      		ldi r24,hi8(1599999)
  26 000e 98E1      		ldi r25,hlo8(1599999)
  27 0010 4150      	1:	subi r20,1
  28 0012 8040      		sbci r24,0
  29 0014 9040      		sbci r25,0
  30 0016 01F4      		brne 1b
  31 0018 00C0      		rjmp .
  32 001a 0000      		nop
  33 001c 2150      		subi r18,1
  34 001e 3109      		sbc r19,__zero_reg__
  35 0020 00C0      		rjmp .L2
  37               		.ident	"GCC: (GNU) 13.2.0"
DEFINED SYMBOLS
                            *ABS*:00000000 delay.c
     /tmp/cczvPq4F.s:2      *ABS*:0000003e __SP_H__
     /tmp/cczvPq4F.s:3      *ABS*:0000003d __SP_L__
     /tmp/cczvPq4F.s:4      *ABS*:0000003f __SREG__
     /tmp/cczvPq4F.s:5      *ABS*:00000000 __tmp_reg__
     /tmp/cczvPq4F.s:6      *ABS*:00000001 __zero_reg__
     /tmp/cczvPq4F.s:11     .text.DELAY_sec:00000000 DELAY_sec
     /tmp/cczvPq4F.s:31     .text.DELAY_sec:0000001a L0
     /tmp/cczvPq4F.s:23     .text.DELAY_sec:0000000a .L3
     /tmp/cczvPq4F.s:27     .text.DELAY_sec:00000010 .L11
     /tmp/cczvPq4F.s:17     .text.DELAY_sec:00000002 .L2

NO UNDEFINED SYMBOLS
